Received File create call with following parameters:
  - Name: /home/test_user1/Attributes.h5
  - Flags: 2
  - FCPL: 792633534417207300
  - FAPL: 792633534417207314
  - DXPL: 792633534417207311

   /********************************\
-> | Making a request to the server |
   \********************************/

  - File existed and H5F_ACC_TRUNC specified; deleting file

   /********************************\
-> | Making a request to the server |
   \********************************/

   /********************************\
-> | Making a request to the server |
   \********************************/

File Create response buffer: {"created": 1510084589.2827318, "acls": {"default": {"read": true, "delete": false, "readACL": false, "create": false, "updateACL": false, "update": false}, "test_user1": {"read": true, "delete": true, "readACL": true, "create": true, "updateACL": true, "update": true}}, "owner": "test_user1", "lastModified": 1510084589.2827318, "root": "g-bebee072-c3f5-11e7-8de3-0242ac110013"}

File H5VL_rest_object_t fields:
  - File Path Name: /home/test_user1/Attributes.h5
  - File URI: g-bebee072-c3f5-11e7-8de3-0242ac110013
  - File Object type: 1

Received Dataset create call with following parameters:
  - Name: Dataset
  - DCPL: 792633534417207302
  - DAPL: 792633534417207303
  - DXPL: 792633534417207311
  - Parent Object URI: g-bebee072-c3f5-11e7-8de3-0242ac110013
  - Parent Object Type: 1

  - Initial datatype-to-string buffer size is 512

  - After re-alloc check, buffer is 512 bytes

  - After re-alloc check, buffer is 512 bytes

  - Final datatype-to-string buffer size is 512

  - Dataset path dirname is: 

- Dataset creation properties body: (null)

   /********************************\
-> | Making a request to the server |
   \********************************/

Dataset create URL: http://127.0.0.1:5101/datasets

Dataset create body: {"type": {"class": "H5T_INTEGER", "base": "H5T_STD_I32LE"}, "shape": [7], "maxdims": [7], "link": {"id": "g-bebee072-c3f5-11e7-8de3-0242ac110013", "name": "Dataset"}}.

Dataset Create response buffer: {"shape": {"class": "H5S_SIMPLE", "dims": [7], "maxdims": [7]}, "created": 1510084589, "type": {"class": "H5T_INTEGER", "base": "H5T_STD_I32LE"}, "attributeCount": 0, "lastModified": 1510084589, "id": "d-bec37024-c3f5-11e7-8de3-0242ac110013", "root": "g-bebee072-c3f5-11e7-8de3-0242ac110013"}

Dataset H5VL_rest_object_t fields:
  - Dataset URI: d-bec37024-c3f5-11e7-8de3-0242ac110013
  - Dataset Object type: 5
  - Dataset Parent Domain path: /home/test_user1/Attributes.h5

Received Dataset write call with following parameters:
  - Dataset URI: d-bec37024-c3f5-11e7-8de3-0242ac110013
  - mem_space_id: 0
  - is all mem: true
  - file_space_id: 0
  - is all file: true
  - DXPL ID: 792633534417207304
  - is default dxpl: false
   /********************************\
-> | Making a request to the server |
   \********************************/

Dataset write URL: http://127.0.0.1:5101/datasets/d-bec37024-c3f5-11e7-8de3-0242ac110013/value

Dataset write response buffer: {}

Received Attribute create call with following parameters:
  - Attribute Name: Float attribute
  - ACPL: 792633534417207308
  - Parent Object URI: d-bec37024-c3f5-11e7-8de3-0242ac110013
  - Parent Object Type: 5
  - Initial datatype-to-string buffer size is 512

  - After re-alloc check, buffer is 512 bytes

  - After re-alloc check, buffer is 512 bytes

  - Final datatype-to-string buffer size is 512

   /********************************\
-> | Making a request to the server |
   \********************************/

Attribute create URL: http://127.0.0.1:5101/datasets/d-bec37024-c3f5-11e7-8de3-0242ac110013/attributes/Float%20attribute

Attribute create body: {"type": {"class": "H5T_FLOAT", "base": "H5T_IEEE_F32LE"},"shape": [2,3]}

Attribute create response buffer: {"hrefs": []}

Attribute H5VL_rest_object_t fields:
  - Attribute Object type: 6
  - Attribute Parent Domain path: /home/test_user1/Attributes.h5

Received Attribute write call with following parameters:
  - Attribute name: Float attribute
   /********************************\
-> | Making a request to the server |
   \********************************/

Attribute write URL: http://127.0.0.1:5101/datasets/d-bec37024-c3f5-11e7-8de3-0242ac110013/attributes/Float%20attribute/value

Attribute write response buffer: {"hrefs": []}

Received Attribute create call with following parameters:
  - Attribute Name: Integer attribute
  - ACPL: 792633534417207308
  - Parent Object URI: d-bec37024-c3f5-11e7-8de3-0242ac110013
  - Parent Object Type: 5
  - Initial datatype-to-string buffer size is 512

  - After re-alloc check, buffer is 512 bytes

  - After re-alloc check, buffer is 512 bytes

  - Final datatype-to-string buffer size is 512

   /********************************\
-> | Making a request to the server |
   \********************************/

Attribute create URL: http://127.0.0.1:5101/datasets/d-bec37024-c3f5-11e7-8de3-0242ac110013/attributes/Integer%20attribute

Attribute create body: {"type": {"class": "H5T_INTEGER", "base": "H5T_STD_I32LE"}}

Attribute create response buffer: {"hrefs": []}

Attribute H5VL_rest_object_t fields:
  - Attribute Object type: 6
  - Attribute Parent Domain path: /home/test_user1/Attributes.h5

Received Attribute write call with following parameters:
  - Attribute name: Integer attribute
   /********************************\
-> | Making a request to the server |
   \********************************/

Attribute write URL: http://127.0.0.1:5101/datasets/d-bec37024-c3f5-11e7-8de3-0242ac110013/attributes/Integer%20attribute/value

Attribute write response buffer: {"hrefs": []}

Received Attribute create call with following parameters:
  - Attribute Name: Character attribute
  - ACPL: 792633534417207308
  - Parent Object URI: d-bec37024-c3f5-11e7-8de3-0242ac110013
  - Parent Object Type: 5
  - Initial datatype-to-string buffer size is 512

  - After re-alloc check, buffer is 512 bytes

  - After re-alloc check, buffer is 512 bytes

  - Final datatype-to-string buffer size is 512

   /********************************\
-> | Making a request to the server |
   \********************************/

Attribute create URL: http://127.0.0.1:5101/datasets/d-bec37024-c3f5-11e7-8de3-0242ac110013/attributes/Character%20attribute

Attribute create body: {"type": {"class": "H5T_STRING", "charSet": "H5T_CSET_ASCII", "strPad": "H5T_STR_NULLPAD", "length": 5}}

Attribute create response buffer: {"hrefs": []}

Attribute H5VL_rest_object_t fields:
  - Attribute Object type: 6
  - Attribute Parent Domain path: /home/test_user1/Attributes.h5

Received Attribute write call with following parameters:
  - Attribute name: Character attribute
   /********************************\
-> | Making a request to the server |
   \********************************/

Attribute write URL: http://127.0.0.1:5101/datasets/d-bec37024-c3f5-11e7-8de3-0242ac110013/attributes/Character%20attribute/value

Attribute write response buffer: {"hrefs": []}

Received Attribute close call with following parameters:
  - Attribute name: Float attribute
  - Attribute Domain path: /home/test_user1/Attributes.h5
  - Attribute Parent Object type: 5

Received Attribute close call with following parameters:
  - Attribute name: Integer attribute
  - Attribute Domain path: /home/test_user1/Attributes.h5
  - Attribute Parent Object type: 5

Received Attribute close call with following parameters:
  - Attribute name: Character attribute
  - Attribute Domain path: /home/test_user1/Attributes.h5
  - Attribute Parent Object type: 5

Received Dataset close call with following parameters:
  - URI: d-bec37024-c3f5-11e7-8de3-0242ac110013

Received File close call with following parameters:
  - Name: /home/test_user1/Attributes.h5
  - URI: g-bebee072-c3f5-11e7-8de3-0242ac110013
  - DXPL: 792633534417207311

Received File open call with following parameters:
  - Name: /home/test_user1/Attributes.h5
  - Flags: 0
  - FAPL: 792633534417207314
  - DXPL: 792633534417207311

   /********************************\
-> | Making a request to the server |
   \********************************/

File Open response buffer: {"created": 1510084589.2827318, "hrefs": [{"rel": "self", "href": "http:///home/test_user1/Attributes.h5/"}, {"rel": "database", "href": "http:///home/test_user1/Attributes.h5/datasets"}, {"rel": "groupbase", "href": "http:///home/test_user1/Attributes.h5/groups"}, {"rel": "typebase", "href": "http:///home/test_user1/Attributes.h5/datatypes"}, {"rel": "root", "href": "http:///home/test_user1/Attributes.h5/groups/g-bebee072-c3f5-11e7-8de3-0242ac110013"}, {"rel": "acls", "href": "http:///home/test_user1/Attributes.h5/acls"}, {"rel": "parent", "href": "http:///home/test_user1/Attributes.h5/?domain=/home/test_user1"}], "lastModified": 1510084589.2827318, "owner": "test_user1", "class": "domain", "root": "g-bebee072-c3f5-11e7-8de3-0242ac110013"}

File H5VL_rest_object_t fields:
  - File Path Name: /home/test_user1/Attributes.h5
  - File URI: g-bebee072-c3f5-11e7-8de3-0242ac110013
  - File Object type: 1

Received Dataset open call with following parameters:
  - Name: Dataset
  - DAPL: 792633534417207303
  - DXPL: 792633534417207311
  - Parent Object Type: 1
  - Target link name: Dataset

Locating link by name: Dataset

Accessing link: http://127.0.0.1:5101/groups/g-bebee072-c3f5-11e7-8de3-0242ac110013/links/Dataset

   /********************************\
-> | Making a request to the server |
   \********************************/

  - Link found

Link Traversal response buffer: {"created": 1510084589.3105886, "lastModified": 1510084589.3105886, "hrefs": [{"rel": "self", "href": "http:///home/test_user1/Attributes.h5/groups/g-bebee072-c3f5-11e7-8de3-0242ac110013/links/Dataset"}, {"rel": "home", "href": "http:///home/test_user1/Attributes.h5/"}, {"rel": "owner", "href": "http:///home/test_user1/Attributes.h5/groups/g-bebee072-c3f5-11e7-8de3-0242ac110013"}, {"rel": "target", "href": "http:///home/test_user1/Attributes.h5/datasets/d-bec37024-c3f5-11e7-8de3-0242ac110013"}], "link": {"class": "H5L_TYPE_HARD", "id": "d-bec37024-c3f5-11e7-8de3-0242ac110013", "title": "Dataset", "collection": "datasets"}}

Accessing link: http://127.0.0.1:5101/datasets/d-bec37024-c3f5-11e7-8de3-0242ac110013

   /********************************\
-> | Making a request to the server |
   \********************************/

Creating Simple dataspace with following: 
  - Dims: [ 7 ]
  - MaxDims: [ 7 ]

Converting String-to-Datatype buffer {"type": {"class": "H5T_INTEGER", "base": "H5T_STD_I32LE"}} to hid_t
  - Predefined Integer type sign: I
  - 32-bit Integer type
  - Little-endian - signed

Converted String-to-Datatype buffer to hid_t ID 216172782113784126

Link access response buffer: {"domain": "/home/test_user1/Attributes.h5", "created": 1510084589, "hrefs": [{"rel": "self", "href": "http:///home/test_user1/Attributes.h5/datasets/d-bec37024-c3f5-11e7-8de3-0242ac110013"}, {"rel": "root", "href": "http:///home/test_user1/Attributes.h5/groups/g-bebee072-c3f5-11e7-8de3-0242ac110013"}, {"rel": "home", "href": "http:///home/test_user1/Attributes.h5/"}, {"rel": "attributes", "href": "http:///home/test_user1/Attributes.h5/datasets/d-bec37024-c3f5-11e7-8de3-0242ac110013/attributes"}, {"rel": "data", "href": "http:///home/test_user1/Attributes.h5/datasets/d-bec37024-c3f5-11e7-8de3-0242ac110013/value"}], "type": {"class": "H5T_INTEGER", "base": "H5T_STD_I32LE"}, "creationProperties": {}, "lastModified": 1510084589, "shape": {"class": "H5S_SIMPLE", "dims": [7], "maxdims": [7]}, "attributeCount": 3, "layout": {"class": "H5D_CHUNKED", "dims": [7]}, "id": "d-bec37024-c3f5-11e7-8de3-0242ac110013", "root": "g-bebee072-c3f5-11e7-8de3-0242ac110013"}

Dataset H5VL_rest_object_t fields:
  - Dataset URI: d-bec37024-c3f5-11e7-8de3-0242ac110013
  - Dataset Object type: 5
  - Dataset Parent Domain path: /home/test_user1/Attributes.h5

Received Attribute open call with following parameters:
  - Attribute Name: Integer attribute
  - AAPL: 792633534417207309
  - Parent Object Type: 5
Accessing link: http://127.0.0.1:5101/datasets/d-bec37024-c3f5-11e7-8de3-0242ac110013/attributes/Integer%20attribute

   /********************************\
-> | Making a request to the server |
   \********************************